<?xml version="1.0" encoding="UTF-8"?>
<!-- Generated by org.testng.reporters.JUnitXMLReporter -->
<testsuite ignored="0" hostname="DESKTOP-FG435U3" failures="0" tests="10" name="Test" time="77.528" errors="0" timestamp="2024-07-23T12:19:02 PDT">
  <testcase classname="com.testngTest1.VerifyRegisterFunctionality" name="verifyregisteringwithsameemail" time="1.215"/>
  <testcase classname="com.testngTest1.VerifyRegisterFunctionality" name="verifyregisteringanaccwithmandatoryfeild" time="3.676"/>
  <testcase classname="com.testngTest1.VerifyRegisterFunctionality" name="verifyregisteraccbyprovidingallfeild" time="2.067"/>
  <testcase classname="com.testngTest1.VeriyLoginFunctionality" name="wrongemailpassverifyerrormsg" time="3.676"/>
  <testcase classname="com.testngTest1.VeriyLoginFunctionality" name="correctemailwrongpass" time="1.441"/>
  <testcase classname="com.testngTest1.VeriyLoginFunctionality" name="wrongemailcorrectpass" time="4.454"/>
  <testcase classname="com.testngTest1.VeriyLoginFunctionality" name="verifylogingusingcorrectemailpass" time="5.343"/>
  <testcase classname="com.testngTest1.VerifySearchFunctinality" name="verifysearchwithvalidprduct" time="4.952"/>
  <testcase classname="com.testngTest1.VerifySearchFunctinality" name="verifysearchwithinvalidprduct" time="1.231"/>
  <testcase classname="com.testngTest1.VerifySearchFunctinality" name="verifysearchwithutenteringproduct" time="1.077"/>
</testsuite> <!-- Test -->
