<?xml version="1.0" encoding="UTF-8"?>
<!-- Generated by org.testng.reporters.JUnitXMLReporter -->
<testsuite ignored="3" hostname="DESKTOP-FG435U3" failures="0" tests="3" name="Default test" time="25.774" errors="0" timestamp="2024-08-10T05:42:30 PDT">
  <testcase classname="com.testngTest1.VeriyLoginFunctionalityTest" name="verifylogingusingcorrectemailpass" time="1.103"/>
  <testcase classname="com.testngTest1.VeriyLoginFunctionalityTest" name="verifylogingusingcorrectemailpass" time="1.675"/>
  <testcase classname="com.testngTest1.VeriyLoginFunctionalityTest" name="verifylogingusingcorrectemailpass" time="1.035"/>
  <testcase classname="com.testngTest1.VeriyLoginFunctionalityTest" name="wrongemailpassverifyerrormsg" time="0.0">
    <ignored/>
  </testcase> <!-- wrongemailpassverifyerrormsg -->
  <testcase classname="com.testngTest1.VeriyLoginFunctionalityTest" name="correctemailwrongpass" time="0.0">
    <ignored/>
  </testcase> <!-- correctemailwrongpass -->
  <testcase classname="com.testngTest1.VeriyLoginFunctionalityTest" name="wrongemailcorrectpass" time="0.0">
    <ignored/>
  </testcase> <!-- wrongemailcorrectpass -->
</testsuite> <!-- Default test -->
