<?xml version="1.0" encoding="UTF-8"?>
<testsuite xmlns:xsi="http://www.w3.org/2001/XMLSchema-instance" xsi:noNamespaceSchemaLocation="https://maven.apache.org/surefire/maven-surefire-plugin/xsd/surefire-test-report.xsd" version="3.0.2" name="TestSuite" time="80.412" tests="12" errors="0" skipped="1" failures="1">
  <properties>
[...]
</properties>
  <testcase name="verifyregisteringwithsameemail" classname="com.testngTest1.VerifyRegisterFunctionalityTest" time="3.495">
    <system-err><![CDATA[SLF4J: Failed to load class "org.slf4j.impl.StaticLoggerBinder".
SLF4J: Defaulting to no-operation (NOP) logger implementation
SLF4J: See http://www.slf4j.org/codes.html#StaticLoggerBinder for further details.
Aug 10, 2024 10:01:24 AM org.openqa.selenium.devtools.CdpVersionFinder findNearestMatch
WARNING: Unable to find an exact match for CDP version 127, returning the closest version; found: 123; Please update to a Selenium version that supports CDP version 127
]]></system-err>
  </testcase>
  <testcase name="verifyregisteringanaccwithmandatoryfeild" classname="com.testngTest1.VerifyRegisterFunctionalityTest" time="2.133">
    <system-err><![CDATA[Aug 10, 2024 10:01:31 AM org.openqa.selenium.devtools.CdpVersionFinder findNearestMatch
WARNING: Unable to find an exact match for CDP version 127, returning the closest version; found: 123; Please update to a Selenium version that supports CDP version 127
]]></system-err>
  </testcase>
  <testcase name="verifyregisteraccbyprovidingallfeild" classname="com.testngTest1.VerifyRegisterFunctionalityTest" time="1.67">
    <system-err><![CDATA[Aug 10, 2024 10:01:38 AM org.openqa.selenium.devtools.CdpVersionFinder findNearestMatch
WARNING: Unable to find an exact match for CDP version 127, returning the closest version; found: 123; Please update to a Selenium version that supports CDP version 127
]]></system-err>
  </testcase>
  <testcase name="wrongemailpassverifyerrormsg" classname="com.testngTest1.VeriyLoginFunctionalityTest" time="1.089">
    <system-err><![CDATA[Aug 10, 2024 10:01:45 AM org.openqa.selenium.devtools.CdpVersionFinder findNearestMatch
WARNING: Unable to find an exact match for CDP version 127, returning the closest version; found: 123; Please update to a Selenium version that supports CDP version 127
]]></system-err>
  </testcase>
  <testcase name="correctemailwrongpass" classname="com.testngTest1.VeriyLoginFunctionalityTest" time="1.043">
    <system-err><![CDATA[Aug 10, 2024 10:01:52 AM org.openqa.selenium.devtools.CdpVersionFinder findNearestMatch
WARNING: Unable to find an exact match for CDP version 127, returning the closest version; found: 123; Please update to a Selenium version that supports CDP version 127
]]></system-err>
  </testcase>
  <testcase name="wrongemailcorrectpass" classname="com.testngTest1.VeriyLoginFunctionalityTest" time="0.972">
    <system-err><![CDATA[Aug 10, 2024 10:01:59 AM org.openqa.selenium.devtools.CdpVersionFinder findNearestMatch
WARNING: Unable to find an exact match for CDP version 127, returning the closest version; found: 123; Please update to a Selenium version that supports CDP version 127
]]></system-err>
  </testcase>
  <testcase name="verifylogingusingcorrectemailpass[ngshubham17@gmail.com, shubham17796](1)" classname="com.testngTest1.VeriyLoginFunctionalityTest" time="1.27">
    <system-err><![CDATA[Aug 10, 2024 10:02:08 AM org.openqa.selenium.devtools.CdpVersionFinder findNearestMatch
WARNING: Unable to find an exact match for CDP version 127, returning the closest version; found: 123; Please update to a Selenium version that supports CDP version 127
]]></system-err>
  </testcase>
  <testcase name="verifylogingusingcorrectemailpass[amotooricap9@gmail.com, 12345](2)" classname="com.testngTest1.VeriyLoginFunctionalityTest" time="1.283">
    <system-err><![CDATA[Aug 10, 2024 10:02:15 AM org.openqa.selenium.devtools.CdpVersionFinder findNearestMatch
WARNING: Unable to find an exact match for CDP version 127, returning the closest version; found: 123; Please update to a Selenium version that supports CDP version 127
]]></system-err>
  </testcase>
  <testcase name="verifylogingusingcorrectemailpass[amotooricap1@gmail.com, 12345](3)" classname="com.testngTest1.VeriyLoginFunctionalityTest" time="1.13">
    <system-err><![CDATA[Aug 10, 2024 10:02:22 AM org.openqa.selenium.devtools.CdpVersionFinder findNearestMatch
WARNING: Unable to find an exact match for CDP version 127, returning the closest version; found: 123; Please update to a Selenium version that supports CDP version 127
]]></system-err>
  </testcase>
  <testcase name="verifysearchwithvalidprduct" classname="com.testngTest1.VerifySearchFunctinalityTest" time="0.687">
    <system-err><![CDATA[Aug 10, 2024 10:02:29 AM org.openqa.selenium.devtools.CdpVersionFinder findNearestMatch
WARNING: Unable to find an exact match for CDP version 127, returning the closest version; found: 123; Please update to a Selenium version that supports CDP version 127
]]></system-err>
  </testcase>
  <testcase name="verifysearchwithinvalidprduct" classname="com.testngTest1.VerifySearchFunctinalityTest" time="0.77">
    <failure message="WarningMsgForSearchingInvalidProduct expected [abcd] but found [Products meeting the search criteria]" type="java.lang.AssertionError"><![CDATA[java.lang.AssertionError: WarningMsgForSearchingInvalidProduct expected [abcd] but found [Products meeting the search criteria]
	at org.testng.Assert.fail(Assert.java:111)
	at org.testng.Assert.failNotEquals(Assert.java:1578)
	at org.testng.Assert.assertEqualsImpl(Assert.java:150)
	at org.testng.Assert.assertEquals(Assert.java:132)
	at org.testng.Assert.assertEquals(Assert.java:656)
	at com.testngTest1.VerifySearchFunctinalityTest.verifysearchwithinvalidprduct(VerifySearchFunctinalityTest.java:41)
	at java.base/jdk.internal.reflect.DirectMethodHandleAccessor.invoke(DirectMethodHandleAccessor.java:103)
	at java.base/java.lang.reflect.Method.invoke(Method.java:580)
	at org.testng.internal.invokers.MethodInvocationHelper.invokeMethod(MethodInvocationHelper.java:139)
	at org.testng.internal.invokers.TestInvoker.invokeMethod(TestInvoker.java:664)
	at org.testng.internal.invokers.TestInvoker.invokeTestMethod(TestInvoker.java:228)
	at org.testng.internal.invokers.MethodRunner.runInSequence(MethodRunner.java:63)
	at org.testng.internal.invokers.TestInvoker$MethodInvocationAgent.invoke(TestInvoker.java:961)
	at org.testng.internal.invokers.TestInvoker.invokeTestMethods(TestInvoker.java:201)
	at org.testng.internal.invokers.TestMethodWorker.invokeTestMethods(TestMethodWorker.java:148)
	at org.testng.internal.invokers.TestMethodWorker.run(TestMethodWorker.java:128)
	at java.base/java.util.ArrayList.forEach(ArrayList.java:1596)
	at org.testng.TestRunner.privateRun(TestRunner.java:819)
	at org.testng.TestRunner.run(TestRunner.java:619)
	at org.testng.SuiteRunner.runTest(SuiteRunner.java:443)
	at org.testng.SuiteRunner.runSequentially(SuiteRunner.java:437)
	at org.testng.SuiteRunner.privateRun(SuiteRunner.java:397)
	at org.testng.SuiteRunner.run(SuiteRunner.java:336)
	at org.testng.SuiteRunnerWorker.runSuite(SuiteRunnerWorker.java:52)
	at org.testng.SuiteRunnerWorker.run(SuiteRunnerWorker.java:95)
	at org.testng.TestNG.runSuitesSequentially(TestNG.java:1301)
	at org.testng.TestNG.runSuitesLocally(TestNG.java:1228)
	at org.testng.TestNG.runSuites(TestNG.java:1134)
	at org.testng.TestNG.run(TestNG.java:1101)
	at org.apache.maven.surefire.testng.TestNGExecutor.run(TestNGExecutor.java:308)
	at org.apache.maven.surefire.testng.TestNGXmlTestSuite.execute(TestNGXmlTestSuite.java:71)
	at org.apache.maven.surefire.testng.TestNGProvider.invoke(TestNGProvider.java:113)
	at org.apache.maven.surefire.booter.ForkedBooter.runSuitesInProcess(ForkedBooter.java:385)
	at org.apache.maven.surefire.booter.ForkedBooter.execute(ForkedBooter.java:162)
	at org.apache.maven.surefire.booter.ForkedBooter.run(ForkedBooter.java:507)
	at org.apache.maven.surefire.booter.ForkedBooter.main(ForkedBooter.java:495)
]]></failure>
    <system-err><![CDATA[Aug 10, 2024 10:02:35 AM org.openqa.selenium.devtools.CdpVersionFinder findNearestMatch
WARNING: Unable to find an exact match for CDP version 127, returning the closest version; found: 123; Please update to a Selenium version that supports CDP version 127
]]></system-err>
  </testcase>
  <testcase name="verifysearchwithutenteringproduct" classname="com.testngTest1.VerifySearchFunctinalityTest" time="0.0">
    <skipped message="Method com.testngTest1.VerifySearchFunctinalityTest.verifysearchwithutenteringproduct() on instance com.testngTest1.VerifySearchFunctinalityTest@368f2016 depends on not successfully finished methods &#10;[com.testngTest1.VerifySearchFunctinalityTest.verifysearchwithvalidprduct() on instance com.testngTest1.VerifySearchFunctinalityTest@368f2016&#10;com.testngTest1.VerifySearchFunctinalityTest.verifysearchwithinvalidprduct() on instance com.testngTest1.VerifySearchFunctinalityTest@368f2016]"/>
  </testcase>
</testsuite>